The following software and images were used:
Software version 20092018
Image  dataset\R01-145.nii
Voi dataset\R01-145_roi.nii
#####################
The following config file was used:RaCat\settings\config_CT_FBW_Interpolation2mm.ini
#####################
Morphological features were calculated.
Local intensity features were calculated.
Statistical features were calculated.
Intensity volume features were calculated.
Intensity histogram features were calculated.
GLCM2DAVG features were calculated.
GLCM2DDMRG features were calculated.
GLCM2DMRG features were calculated.
GLCM2DVMRG features were calculated.
GLCM3DAVG features were calculated.
GLCM3DMRG features were calculated.
GLRLM2DAVG features were calculated.
GLRLM2DAVG features were calculated.
GLRLM2DMRG features were calculated.
GLRLM2DVMRG features were calculated.
GLRLM3DAVG features were calculated.
GLRLM3DMRG features were calculated.
GLSZM2DAVG features were calculated.
GLSZM2DMRG features were calculated.
GLSZM3D features were calculated.
NGTDM2DAVG features were calculated.
NGTDM2DMRG features were calculated.
NGTDM3D features were calculated.
GLDZM2DAVG features were calculated.
GLDZM2DMRG features were calculated.
GLDZM3D features were calculated.
NGLDM2DAVG features were calculated.
NGLDM2DMRG features were calculated.
NGLDM3D features were calculated.
